# JRE version: OpenJDK Runtime Environment (8.0_242-b01) (build 1.8.0_242-release-1644-b01)
# Java VM: OpenJDK 64-Bit Server VM (25.242-b01 mixed mode windows-amd64 compressed oops)
Heap:
 PSYoungGen      total 581632K, used 113160K [0x00000000d5580000, 0x00000000fff80000, 0x0000000100000000)
  eden space 470528K, 22% used [0x00000000d5580000,0x00000000dbd68c30,0x00000000f2100000)
  from space 111104K, 6% used [0x00000000f2100000,0x00000000f2799560,0x00000000f8d80000)
  to   space 111616K, 0% used [0x00000000f9280000,0x00000000f9280000,0x00000000fff80000)
 ParOldGen       total 259072K, used 107251K [0x0000000080000000, 0x000000008fd00000, 0x00000000d5580000)
  object space 259072K, 41% used [0x0000000080000000,0x00000000868bcc70,0x000000008fd00000)
 Metaspace       used 147285K, capacity 153654K, committed 154008K, reserved 1183744K
  class space    used 18356K, capacity 19511K, committed 19632K, reserved 1048576K
GC Heap History (10 events):
Event: 442.090 GC heap before
{Heap before GC invocations=30 (full 4):
 PSYoungGen      total 505856K, used 491178K [0x00000000d5580000, 0x00000000fd480000, 0x0000000100000000)
  eden space 417280K, 100% used [0x00000000d5580000,0x00000000eed00000,0x00000000eed00000)
  from space 88576K, 83% used [0x00000000eed00000,0x00000000f352abd0,0x00000000f4380000)
  to   space 97280K, 0% used [0x00000000f7580000,0x00000000f7580000,0x00000000fd480000)
 ParOldGen       total 184320K, used 148401K [0x0000000080000000, 0x000000008b400000, 0x00000000d5580000)
  object space 184320K, 80% used [0x0000000080000000,0x00000000890ec578,0x000000008b400000)
 Metaspace       used 146883K, capacity 153444K, committed 153752K, reserved 1183744K
  class space    used 18386K, capacity 19566K, committed 19632K, reserved 1048576K
Event: 442.384 GC heap after
Heap after GC invocations=30 (full 4):
 PSYoungGen      total 544768K, used 87193K [0x00000000d5580000, 0x0000000100000000, 0x0000000100000000)
  eden space 447488K, 0% used [0x00000000d5580000,0x00000000d5580000,0x00000000f0a80000)
  from space 97280K, 89% used [0x00000000f7580000,0x00000000fcaa66f0,0x00000000fd480000)
  to   space 109568K, 0% used [0x00000000f0a80000,0x00000000f0a80000,0x00000000f7580000)
 ParOldGen       total 184320K, used 148409K [0x0000000080000000, 0x000000008b400000, 0x00000000d5580000)
  object space 184320K, 80% used [0x0000000080000000,0x00000000890ee578,0x000000008b400000)
 Metaspace       used 146883K, capacity 153444K, committed 153752K, reserved 1183744K
  class space    used 18386K, capacity 19566K, committed 19632K, reserved 1048576K
}
Event: 443.204 GC heap before
{Heap before GC invocations=31 (full 4):
 PSYoungGen      total 544768K, used 534681K [0x00000000d5580000, 0x0000000100000000, 0x0000000100000000)
  eden space 447488K, 100% used [0x00000000d5580000,0x00000000f0a80000,0x00000000f0a80000)
  from space 97280K, 89% used [0x00000000f7580000,0x00000000fcaa66f0,0x00000000fd480000)
  to   space 109568K, 0% used [0x00000000f0a80000,0x00000000f0a80000,0x00000000f7580000)
 ParOldGen       total 184320K, used 148409K [0x0000000080000000, 0x000000008b400000, 0x00000000d5580000)
  object space 184320K, 80% used [0x0000000080000000,0x00000000890ee578,0x000000008b400000)
 Metaspace       used 147264K, capacity 153776K, committed 154008K, reserved 1183744K
  class space    used 18388K, capacity 19568K, committed 19632K, reserved 1048576K
Event: 443.245 GC heap after
Heap after GC invocations=31 (full 4):
 PSYoungGen      total 557056K, used 82631K [0x00000000d5580000, 0x0000000100000000, 0x0000000100000000)
  eden space 447488K, 0% used [0x00000000d5580000,0x00000000d5580000,0x00000000f0a80000)
  from space 109568K, 75% used [0x00000000f0a80000,0x00000000f5b31f50,0x00000000f7580000)
  to   space 117248K, 0% used [0x00000000f8d80000,0x00000000f8d80000,0x0000000100000000)
 ParOldGen       total 184320K, used 153638K [0x0000000080000000, 0x000000008b400000, 0x00000000d5580000)
  object space 184320K, 83% used [0x0000000080000000,0x00000000896099f8,0x000000008b400000)
 Metaspace       used 147264K, capacity 153776K, committed 154008K, reserved 1183744K
  class space    used 18388K, capacity 19568K, committed 19632K, reserved 1048576K
}
Event: 443.746 GC heap before
{Heap before GC invocations=32 (full 4):
 PSYoungGen      total 557056K, used 530119K [0x00000000d5580000, 0x0000000100000000, 0x0000000100000000)
  eden space 447488K, 100% used [0x00000000d5580000,0x00000000f0a80000,0x00000000f0a80000)
  from space 109568K, 75% used [0x00000000f0a80000,0x00000000f5b31f50,0x00000000f7580000)
  to   space 117248K, 0% used [0x00000000f8d80000,0x00000000f8d80000,0x0000000100000000)
 ParOldGen       total 184320K, used 153638K [0x0000000080000000, 0x000000008b400000, 0x00000000d5580000)
  object space 184320K, 83% used [0x0000000080000000,0x00000000896099f8,0x000000008b400000)
 Metaspace       used 147354K, capacity 153946K, committed 154008K, reserved 1183744K
  class space    used 18391K, capacity 19573K, committed 19632K, reserved 1048576K
Event: 443.779 GC heap after
Heap after GC invocations=32 (full 4):
 PSYoungGen      total 583168K, used 44150K [0x00000000d5580000, 0x00000000ffb80000, 0x0000000100000000)
  eden space 470528K, 0% used [0x00000000d5580000,0x00000000d5580000,0x00000000f2100000)
  from space 112640K, 39% used [0x00000000f8d80000,0x00000000fb89d928,0x00000000ffb80000)
  to   space 111104K, 0% used [0x00000000f2100000,0x00000000f2100000,0x00000000f8d80000)
 ParOldGen       total 194048K, used 191059K [0x0000000080000000, 0x000000008bd80000, 0x00000000d5580000)
  object space 194048K, 98% used [0x0000000080000000,0x000000008ba94e80,0x000000008bd80000)
 Metaspace       used 147354K, capacity 153946K, committed 154008K, reserved 1183744K
  class space    used 18391K, capacity 19573K, committed 19632K, reserved 1048576K
}
Event: 443.780 GC heap before
{Heap before GC invocations=33 (full 5):
 PSYoungGen      total 583168K, used 44150K [0x00000000d5580000, 0x00000000ffb80000, 0x0000000100000000)
  eden space 470528K, 0% used [0x00000000d5580000,0x00000000d5580000,0x00000000f2100000)
  from space 112640K, 39% used [0x00000000f8d80000,0x00000000fb89d928,0x00000000ffb80000)
  to   space 111104K, 0% used [0x00000000f2100000,0x00000000f2100000,0x00000000f8d80000)
 ParOldGen       total 194048K, used 191059K [0x0000000080000000, 0x000000008bd80000, 0x00000000d5580000)
  object space 194048K, 98% used [0x0000000080000000,0x000000008ba94e80,0x000000008bd80000)
 Metaspace       used 147354K, capacity 153946K, committed 154008K, reserved 1183744K
  class space    used 18391K, capacity 19573K, committed 19632K, reserved 1048576K
Event: 445.000 GC heap after
Heap after GC invocations=33 (full 5):
 PSYoungGen      total 583168K, used 0K [0x00000000d5580000, 0x00000000ffb80000, 0x0000000100000000)
  eden space 470528K, 0% used [0x00000000d5580000,0x00000000d5580000,0x00000000f2100000)
  from space 112640K, 0% used [0x00000000f8d80000,0x00000000f8d80000,0x00000000ffb80000)
  to   space 111104K, 0% used [0x00000000f2100000,0x00000000f2100000,0x00000000f8d80000)
 ParOldGen       total 259072K, used 107243K [0x0000000080000000, 0x000000008fd00000, 0x00000000d5580000)
  object space 259072K, 41% used [0x0000000080000000,0x00000000868bac70,0x000000008fd00000)
 Metaspace       used 147224K, capacity 153646K, committed 154008K, reserved 1183744K
  class space    used 18356K, capacity 19511K, committed 19632K, reserved 1048576K
}
Event: 445.472 GC heap before
{Heap before GC invocations=34 (full 5):
 PSYoungGen      total 583168K, used 470528K [0x00000000d5580000, 0x00000000ffb80000, 0x0000000100000000)
  eden space 470528K, 100% used [0x00000000d5580000,0x00000000f2100000,0x00000000f2100000)
  from space 112640K, 0% used [0x00000000f8d80000,0x00000000f8d80000,0x00000000ffb80000)
  to   space 111104K, 0% used [0x00000000f2100000,0x00000000f2100000,0x00000000f8d80000)
 ParOldGen       total 259072K, used 107243K [0x0000000080000000, 0x000000008fd00000, 0x00000000d5580000)
  object space 259072K, 41% used [0x0000000080000000,0x00000000868bac70,0x000000008fd00000)
 Metaspace       used 147263K, capacity 153650K, committed 154008K, reserved 1183744K
  class space    used 18356K, capacity 19511K, committed 19632K, reserved 1048576K
Event: 445.482 GC heap after
Heap after GC invocations=34 (full 5):
 PSYoungGen      total 581632K, used 6757K [0x00000000d5580000, 0x00000000fff80000, 0x0000000100000000)
  eden space 470528K, 0% used [0x00000000d5580000,0x00000000d5580000,0x00000000f2100000)
  from space 111104K, 6% used [0x00000000f2100000,0x00000000f2799560,0x00000000f8d80000)
  to   space 111616K, 0% used [0x00000000f9280000,0x00000000f9280000,0x00000000fff80000)
 ParOldGen       total 259072K, used 107251K [0x0000000080000000, 0x000000008fd00000, 0x00000000d5580000)
  object space 259072K, 41% used [0x0000000080000000,0x00000000868bcc70,0x000000008fd00000)
 Metaspace       used 147263K, capacity 153650K, committed 154008K, reserved 1183744K
  class space    used 18356K, capacity 19511K, committed 19632K, reserved 1048576K
}

